 ******* Program HYDRUS
 ******* James Reserves, Riverside, CA                                           

 Units: L = cm   , T = days 

 MaxIt,TolTh,  TolH
   50   0.001 0.05000

 TopInF,BotInF,AtmBC,SinkF,WLayer,FreeD,lWat
     T     F     T     T     T     T     T

Nodal point information

node      x         hOld    MatN LayN  Beta

   1      0.000      0.100    1    1   0.000
   2     -2.000      0.110    1    1   0.030
   3     -8.000      0.110    1    1   0.053
   4    -16.000      0.110    1    1   0.046
   5    -26.000      0.110    2    2   0.006
   6    -36.000      0.120    2    2   0.004
   7    -46.000      0.130    2    2   0.030
end


MatNum, Param. array:

   Mat     Qr     Qs        Alfa         n          Ks      l

    1    0.034  0.390   0.545E-01   0.146E+01   0.154E+03  0.500
    2    0.021  0.373   0.583E-01   0.150E+01   0.180E+03  0.500

       Table of Hydraulic Properties which are interpolated in simulation
       =================================================================

  theta         h        log h        C             K        log K          S

  0.3898  -0.100E-05 -0.6000E+01  0.3904E-05  0.1542E+03  0.2188E+01    1.0000
  0.3898  -0.126E-05 -0.5899E+01  0.4348E-05  0.1542E+03  0.2188E+01    1.0000
  0.3898  -0.159E-05 -0.5798E+01  0.4842E-05  0.1541E+03  0.2188E+01    1.0000
  0.3898  -0.201E-05 -0.5697E+01  0.5392E-05  0.1541E+03  0.2188E+01    1.0000
  0.3898  -0.254E-05 -0.5596E+01  0.6005E-05  0.1541E+03  0.2188E+01    1.0000
  0.3898  -0.320E-05 -0.5495E+01  0.6687E-05  0.1541E+03  0.2188E+01    1.0000
  0.3898  -0.404E-05 -0.5394E+01  0.7447E-05  0.1541E+03  0.2188E+01    1.0000
  0.3898  -0.509E-05 -0.5293E+01  0.8293E-05  0.1540E+03  0.2188E+01    1.0000
  0.3898  -0.643E-05 -0.5192E+01  0.9235E-05  0.1540E+03  0.2187E+01    1.0000
  0.3898  -0.811E-05 -0.5091E+01  0.1028E-04  0.1540E+03  0.2187E+01    1.0000
  0.3898  -0.102E-04 -0.4990E+01  0.1145E-04  0.1539E+03  0.2187E+01    1.0000
  0.3898  -0.129E-04 -0.4889E+01  0.1275E-04  0.1539E+03  0.2187E+01    1.0000
  0.3898  -0.163E-04 -0.4788E+01  0.1420E-04  0.1538E+03  0.2187E+01    1.0000
  0.3898  -0.206E-04 -0.4687E+01  0.1582E-04  0.1538E+03  0.2187E+01    1.0000
  0.3898  -0.260E-04 -0.4586E+01  0.1761E-04  0.1537E+03  0.2187E+01    1.0000
  0.3898  -0.327E-04 -0.4485E+01  0.1962E-04  0.1536E+03  0.2186E+01    1.0000
  0.3898  -0.413E-04 -0.4384E+01  0.2184E-04  0.1536E+03  0.2186E+01    1.0000
  0.3898  -0.521E-04 -0.4283E+01  0.2433E-04  0.1535E+03  0.2186E+01    1.0000
  0.3898  -0.658E-04 -0.4182E+01  0.2709E-04  0.1534E+03  0.2186E+01    1.0000
  0.3898  -0.830E-04 -0.4081E+01  0.3017E-04  0.1533E+03  0.2185E+01    1.0000
  0.3898  -0.105E-03 -0.3980E+01  0.3360E-04  0.1532E+03  0.2185E+01    1.0000
  0.3898  -0.132E-03 -0.3879E+01  0.3741E-04  0.1530E+03  0.2185E+01    1.0000
  0.3898  -0.167E-03 -0.3778E+01  0.4166E-04  0.1529E+03  0.2184E+01    1.0000
  0.3898  -0.210E-03 -0.3677E+01  0.4640E-04  0.1527E+03  0.2184E+01    1.0000
  0.3898  -0.266E-03 -0.3576E+01  0.5167E-04  0.1525E+03  0.2183E+01    1.0000
  0.3898  -0.335E-03 -0.3475E+01  0.5754E-04  0.1523E+03  0.2183E+01    1.0000
  0.3898  -0.423E-03 -0.3374E+01  0.6408E-04  0.1521E+03  0.2182E+01    1.0000
  0.3898  -0.534E-03 -0.3273E+01  0.7136E-04  0.1519E+03  0.2181E+01    1.0000
  0.3898  -0.673E-03 -0.3172E+01  0.7947E-04  0.1516E+03  0.2181E+01    1.0000
  0.3898  -0.850E-03 -0.3071E+01  0.8850E-04  0.1513E+03  0.2180E+01    1.0000
  0.3898  -0.107E-02 -0.2970E+01  0.9855E-04  0.1509E+03  0.2179E+01    1.0000
  0.3898  -0.135E-02 -0.2869E+01  0.1097E-03  0.1506E+03  0.2178E+01    1.0000
  0.3898  -0.171E-02 -0.2768E+01  0.1222E-03  0.1501E+03  0.2176E+01    1.0000
  0.3898  -0.215E-02 -0.2667E+01  0.1361E-03  0.1497E+03  0.2175E+01    1.0000
  0.3898  -0.272E-02 -0.2566E+01  0.1516E-03  0.1491E+03  0.2174E+01    1.0000
  0.3898  -0.343E-02 -0.2465E+01  0.1688E-03  0.1486E+03  0.2172E+01    1.0000
  0.3898  -0.433E-02 -0.2364E+01  0.1880E-03  0.1479E+03  0.2170E+01    1.0000
  0.3898  -0.546E-02 -0.2263E+01  0.2093E-03  0.1472E+03  0.2168E+01    1.0000
  0.3898  -0.689E-02 -0.2162E+01  0.2331E-03  0.1464E+03  0.2165E+01    1.0000
  0.3898  -0.870E-02 -0.2061E+01  0.2596E-03  0.1455E+03  0.2163E+01    1.0000
  0.3898  -0.110E-01 -0.1960E+01  0.2891E-03  0.1445E+03  0.2160E+01    1.0000
  0.3898  -0.138E-01 -0.1859E+01  0.3219E-03  0.1434E+03  0.2157E+01    1.0000
  0.3898  -0.175E-01 -0.1758E+01  0.3585E-03  0.1422E+03  0.2153E+01    1.0000
  0.3898  -0.221E-01 -0.1657E+01  0.3992E-03  0.1409E+03  0.2149E+01    1.0000
  0.3898  -0.278E-01 -0.1556E+01  0.4446E-03  0.1394E+03  0.2144E+01    1.0000
  0.3898  -0.351E-01 -0.1455E+01  0.4951E-03  0.1377E+03  0.2139E+01    1.0000
  0.3898  -0.443E-01 -0.1354E+01  0.5513E-03  0.1359E+03  0.2133E+01    1.0000
  0.3898  -0.559E-01 -0.1253E+01  0.6139E-03  0.1339E+03  0.2127E+01    0.9999
  0.3898  -0.705E-01 -0.1152E+01  0.6836E-03  0.1317E+03  0.2119E+01    0.9999
  0.3898  -0.890E-01 -0.1051E+01  0.7611E-03  0.1292E+03  0.2111E+01    0.9999
  0.3897  -0.112E+00 -0.9495E+00  0.8474E-03  0.1265E+03  0.2102E+01    0.9998
  0.3897  -0.142E+00 -0.8485E+00  0.9434E-03  0.1235E+03  0.2092E+01    0.9997
  0.3897  -0.179E+00 -0.7475E+00  0.1050E-02  0.1202E+03  0.2080E+01    0.9996
  0.3896  -0.226E+00 -0.6465E+00  0.1169E-02  0.1166E+03  0.2067E+01    0.9995
  0.3895  -0.285E+00 -0.5455E+00  0.1300E-02  0.1127E+03  0.2052E+01    0.9993
  0.3894  -0.359E+00 -0.4444E+00  0.1446E-02  0.1083E+03  0.2035E+01    0.9990
  0.3893  -0.453E+00 -0.3434E+00  0.1608E-02  0.1036E+03  0.2015E+01    0.9986
  0.3891  -0.572E+00 -0.2424E+00  0.1786E-02  0.9851E+02  0.1994E+01    0.9980
  0.3888  -0.722E+00 -0.1414E+00  0.1983E-02  0.9298E+02  0.1968E+01    0.9972
  0.3884  -0.911E+00 -0.4040E-01  0.2198E-02  0.8703E+02  0.1940E+01    0.9961
  0.3879  -0.115E+01  0.6061E-01  0.2432E-02  0.8065E+02  0.1907E+01    0.9946
  0.3871  -0.145E+01  0.1616E+00  0.2684E-02  0.7388E+02  0.1869E+01    0.9924
  0.3860  -0.183E+01  0.2626E+00  0.2951E-02  0.6674E+02  0.1824E+01    0.9894
  0.3845  -0.231E+01  0.3636E+00  0.3229E-02  0.5932E+02  0.1773E+01    0.9852
  0.3825  -0.292E+01  0.4646E+00  0.3509E-02  0.5171E+02  0.1714E+01    0.9795
  0.3797  -0.368E+01  0.5657E+00  0.3779E-02  0.4404E+02  0.1644E+01    0.9716
  0.3759  -0.464E+01  0.6667E+00  0.4021E-02  0.3650E+02  0.1562E+01    0.9610
  0.3709  -0.586E+01  0.7677E+00  0.4211E-02  0.2930E+02  0.1467E+01    0.9469
  0.3644  -0.739E+01  0.8687E+00  0.4321E-02  0.2266E+02  0.1355E+01    0.9285
  0.3560  -0.933E+01  0.9697E+00  0.4323E-02  0.1681E+02  0.1226E+01    0.9049
  0.3456  -0.118E+02  0.1071E+01  0.4197E-02  0.1190E+02  0.1076E+01    0.8755
  0.3330  -0.148E+02  0.1172E+01  0.3938E-02  0.8021E+01  0.9042E+00    0.8402
  0.3184  -0.187E+02  0.1273E+01  0.3561E-02  0.5139E+01  0.7109E+00    0.7992
  0.3021  -0.236E+02  0.1374E+01  0.3100E-02  0.3133E+01  0.4960E+00    0.7533
  0.2845  -0.298E+02  0.1475E+01  0.2601E-02  0.1824E+01  0.2611E+00    0.7038
  0.2662  -0.376E+02  0.1576E+01  0.2111E-02  0.1020E+01  0.8435E-02    0.6522
  0.2477  -0.475E+02  0.1677E+01  0.1664E-02  0.5503E+00 -0.2594E+00    0.6002
  0.2296  -0.599E+02  0.1778E+01  0.1280E-02  0.2886E+00 -0.5397E+00    0.5492
  0.2121  -0.756E+02  0.1879E+01  0.9655E-03  0.1480E+00 -0.8297E+00    0.5001
  0.1957  -0.955E+02  0.1980E+01  0.7174E-03  0.7458E-01 -0.1127E+01    0.4538
  0.1803  -0.120E+03  0.2081E+01  0.5269E-03  0.3709E-01 -0.1431E+01    0.4106
  0.1662  -0.152E+03  0.2182E+01  0.3837E-03  0.1826E-01 -0.1738E+01    0.3707
  0.1532  -0.192E+03  0.2283E+01  0.2776E-03  0.8930E-02 -0.2049E+01    0.3342
  0.1414  -0.242E+03  0.2384E+01  0.1999E-03  0.4343E-02 -0.2362E+01    0.3010
  0.1307  -0.305E+03  0.2485E+01  0.1435E-03  0.2104E-02 -0.2677E+01    0.2708
  0.1210  -0.385E+03  0.2586E+01  0.1027E-03  0.1017E-02 -0.2993E+01    0.2436
  0.1122  -0.486E+03  0.2687E+01  0.7343E-04  0.4903E-03 -0.3310E+01    0.2189
  0.1043  -0.614E+03  0.2788E+01  0.5242E-04  0.2361E-03 -0.3627E+01    0.1967
  0.0972  -0.774E+03  0.2889E+01  0.3739E-04  0.1136E-03 -0.3945E+01    0.1768
  0.0908  -0.977E+03  0.2990E+01  0.2665E-04  0.5461E-04 -0.4263E+01    0.1588
  0.0851  -0.123E+04  0.3091E+01  0.1898E-04  0.2624E-04 -0.4581E+01    0.1426
  0.0799  -0.156E+04  0.3192E+01  0.1352E-04  0.1260E-04 -0.4900E+01    0.1281
  0.0753  -0.196E+04  0.3293E+01  0.9627E-05  0.6052E-05 -0.5218E+01    0.1150
  0.0711  -0.248E+04  0.3394E+01  0.6854E-05  0.2906E-05 -0.5537E+01    0.1033
  0.0674  -0.313E+04  0.3495E+01  0.4879E-05  0.1395E-05 -0.5855E+01    0.0928
  0.0640  -0.394E+04  0.3596E+01  0.3473E-05  0.6695E-06 -0.6174E+01    0.0833
  0.0610  -0.498E+04  0.3697E+01  0.2472E-05  0.3213E-06 -0.6493E+01    0.0748
  0.0583  -0.628E+04  0.3798E+01  0.1759E-05  0.1542E-06 -0.6812E+01    0.0672
  0.0558  -0.792E+04  0.3899E+01  0.1252E-05  0.7402E-07 -0.7131E+01    0.0603
  0.0537  -0.100E+05  0.4000E+01  0.8909E-06  0.3552E-07 -0.7450E+01    0.0542
end

  0.3730  -0.100E-05 -0.6000E+01  0.2439E-05  0.1799E+03  0.2255E+01    1.0000
  0.3730  -0.126E-05 -0.5899E+01  0.2740E-05  0.1799E+03  0.2255E+01    1.0000
  0.3730  -0.159E-05 -0.5798E+01  0.3079E-05  0.1799E+03  0.2255E+01    1.0000
  0.3730  -0.201E-05 -0.5697E+01  0.3459E-05  0.1799E+03  0.2255E+01    1.0000
  0.3730  -0.254E-05 -0.5596E+01  0.3887E-05  0.1799E+03  0.2255E+01    1.0000
  0.3730  -0.320E-05 -0.5495E+01  0.4367E-05  0.1799E+03  0.2255E+01    1.0000
  0.3730  -0.404E-05 -0.5394E+01  0.4907E-05  0.1798E+03  0.2255E+01    1.0000
  0.3730  -0.509E-05 -0.5293E+01  0.5513E-05  0.1798E+03  0.2255E+01    1.0000
  0.3730  -0.643E-05 -0.5192E+01  0.6194E-05  0.1798E+03  0.2255E+01    1.0000
  0.3730  -0.811E-05 -0.5091E+01  0.6960E-05  0.1798E+03  0.2255E+01    1.0000
  0.3730  -0.102E-04 -0.4990E+01  0.7820E-05  0.1797E+03  0.2255E+01    1.0000
  0.3730  -0.129E-04 -0.4889E+01  0.8787E-05  0.1797E+03  0.2255E+01    1.0000
  0.3730  -0.163E-04 -0.4788E+01  0.9873E-05  0.1797E+03  0.2254E+01    1.0000
  0.3730  -0.206E-04 -0.4687E+01  0.1109E-04  0.1796E+03  0.2254E+01    1.0000
  0.3730  -0.260E-04 -0.4586E+01  0.1246E-04  0.1796E+03  0.2254E+01    1.0000
  0.3730  -0.327E-04 -0.4485E+01  0.1400E-04  0.1795E+03  0.2254E+01    1.0000
  0.3730  -0.413E-04 -0.4384E+01  0.1573E-04  0.1795E+03  0.2254E+01    1.0000
  0.3730  -0.521E-04 -0.4283E+01  0.1768E-04  0.1794E+03  0.2254E+01    1.0000
  0.3730  -0.658E-04 -0.4182E+01  0.1986E-04  0.1793E+03  0.2254E+01    1.0000
  0.3730  -0.830E-04 -0.4081E+01  0.2232E-04  0.1792E+03  0.2253E+01    1.0000
  0.3730  -0.105E-03 -0.3980E+01  0.2508E-04  0.1791E+03  0.2253E+01    1.0000
  0.3730  -0.132E-03 -0.3879E+01  0.2818E-04  0.1790E+03  0.2253E+01    1.0000
  0.3730  -0.167E-03 -0.3778E+01  0.3166E-04  0.1789E+03  0.2253E+01    1.0000
  0.3730  -0.210E-03 -0.3677E+01  0.3557E-04  0.1788E+03  0.2252E+01    1.0000
  0.3730  -0.266E-03 -0.3576E+01  0.3997E-04  0.1786E+03  0.2252E+01    1.0000
  0.3730  -0.335E-03 -0.3475E+01  0.4491E-04  0.1784E+03  0.2251E+01    1.0000
  0.3730  -0.423E-03 -0.3374E+01  0.5046E-04  0.1782E+03  0.2251E+01    1.0000
  0.3730  -0.534E-03 -0.3273E+01  0.5669E-04  0.1780E+03  0.2250E+01    1.0000
  0.3730  -0.673E-03 -0.3172E+01  0.6370E-04  0.1778E+03  0.2250E+01    1.0000
  0.3730  -0.850E-03 -0.3071E+01  0.7157E-04  0.1775E+03  0.2249E+01    1.0000
  0.3730  -0.107E-02 -0.2970E+01  0.8041E-04  0.1772E+03  0.2248E+01    1.0000
  0.3730  -0.135E-02 -0.2869E+01  0.9035E-04  0.1769E+03  0.2248E+01    1.0000
  0.3730  -0.171E-02 -0.2768E+01  0.1015E-03  0.1765E+03  0.2247E+01    1.0000
  0.3730  -0.215E-02 -0.2667E+01  0.1141E-03  0.1760E+03  0.2246E+01    1.0000
  0.3730  -0.272E-02 -0.2566E+01  0.1282E-03  0.1755E+03  0.2244E+01    1.0000
  0.3730  -0.343E-02 -0.2465E+01  0.1440E-03  0.1750E+03  0.2243E+01    1.0000
  0.3730  -0.433E-02 -0.2364E+01  0.1618E-03  0.1744E+03  0.2241E+01    1.0000
  0.3730  -0.546E-02 -0.2263E+01  0.1818E-03  0.1737E+03  0.2240E+01    1.0000
  0.3730  -0.689E-02 -0.2162E+01  0.2043E-03  0.1729E+03  0.2238E+01    1.0000
  0.3730  -0.870E-02 -0.2061E+01  0.2295E-03  0.1720E+03  0.2236E+01    1.0000
  0.3730  -0.110E-01 -0.1960E+01  0.2579E-03  0.1711E+03  0.2233E+01    1.0000
  0.3730  -0.138E-01 -0.1859E+01  0.2897E-03  0.1700E+03  0.2230E+01    1.0000
  0.3730  -0.175E-01 -0.1758E+01  0.3255E-03  0.1688E+03  0.2227E+01    1.0000
  0.3730  -0.221E-01 -0.1657E+01  0.3658E-03  0.1674E+03  0.2224E+01    1.0000
  0.3730  -0.278E-01 -0.1556E+01  0.4109E-03  0.1659E+03  0.2220E+01    1.0000
  0.3730  -0.351E-01 -0.1455E+01  0.4617E-03  0.1642E+03  0.2215E+01    1.0000
  0.3730  -0.443E-01 -0.1354E+01  0.5187E-03  0.1623E+03  0.2210E+01    1.0000
  0.3730  -0.559E-01 -0.1253E+01  0.5828E-03  0.1601E+03  0.2205E+01    0.9999
  0.3730  -0.705E-01 -0.1152E+01  0.6548E-03  0.1578E+03  0.2198E+01    0.9999
  0.3730  -0.890E-01 -0.1051E+01  0.7356E-03  0.1551E+03  0.2191E+01    0.9999
  0.3729  -0.112E+00 -0.9495E+00  0.8263E-03  0.1522E+03  0.2182E+01    0.9998
  0.3729  -0.142E+00 -0.8485E+00  0.9282E-03  0.1489E+03  0.2173E+01    0.9998
  0.3729  -0.179E+00 -0.7475E+00  0.1042E-02  0.1453E+03  0.2162E+01    0.9996
  0.3728  -0.226E+00 -0.6465E+00  0.1171E-02  0.1412E+03  0.2150E+01    0.9995
  0.3728  -0.285E+00 -0.5455E+00  0.1314E-02  0.1367E+03  0.2136E+01    0.9993
  0.3726  -0.359E+00 -0.4444E+00  0.1475E-02  0.1318E+03  0.2120E+01    0.9990
  0.3725  -0.453E+00 -0.3434E+00  0.1654E-02  0.1264E+03  0.2102E+01    0.9986
  0.3723  -0.572E+00 -0.2424E+00  0.1854E-02  0.1204E+03  0.2081E+01    0.9980
  0.3720  -0.722E+00 -0.1414E+00  0.2077E-02  0.1139E+03  0.2057E+01    0.9971
  0.3716  -0.911E+00 -0.4040E-01  0.2322E-02  0.1068E+03  0.2029E+01    0.9960
  0.3710  -0.115E+01  0.6061E-01  0.2592E-02  0.9916E+02  0.1996E+01    0.9943
  0.3702  -0.145E+01  0.1616E+00  0.2885E-02  0.9094E+02  0.1959E+01    0.9919
  0.3690  -0.183E+01  0.2626E+00  0.3198E-02  0.8221E+02  0.1915E+01    0.9886
  0.3674  -0.231E+01  0.3636E+00  0.3527E-02  0.7305E+02  0.1864E+01    0.9841
  0.3652  -0.292E+01  0.4646E+00  0.3862E-02  0.6358E+02  0.1803E+01    0.9777
  0.3621  -0.368E+01  0.5657E+00  0.4186E-02  0.5399E+02  0.1732E+01    0.9689
  0.3579  -0.464E+01  0.6667E+00  0.4477E-02  0.4452E+02  0.1649E+01    0.9570
  0.3523  -0.586E+01  0.7677E+00  0.4704E-02  0.3546E+02  0.1550E+01    0.9411
  0.3450  -0.739E+01  0.8687E+00  0.4833E-02  0.2714E+02  0.1434E+01    0.9203
  0.3356  -0.933E+01  0.9697E+00  0.4828E-02  0.1984E+02  0.1298E+01    0.8936
  0.3240  -0.118E+02  0.1071E+01  0.4667E-02  0.1380E+02  0.1140E+01    0.8606
  0.3101  -0.148E+02  0.1172E+01  0.4345E-02  0.9098E+01  0.9590E+00    0.8210
  0.2941  -0.187E+02  0.1273E+01  0.3887E-02  0.5685E+01  0.7547E+00    0.7755
  0.2764  -0.236E+02  0.1374E+01  0.3340E-02  0.3372E+01  0.5279E+00    0.7252
  0.2575  -0.298E+02  0.1475E+01  0.2762E-02  0.1907E+01  0.2804E+00    0.6716
  0.2382  -0.376E+02  0.1576E+01  0.2207E-02  0.1035E+01  0.1478E-01    0.6167
  0.2191  -0.475E+02  0.1677E+01  0.1713E-02  0.5421E+00 -0.2659E+00    0.5622
  0.2005  -0.599E+02  0.1778E+01  0.1299E-02  0.2762E+00 -0.5587E+00    0.5095
  0.1830  -0.756E+02  0.1879E+01  0.9659E-03  0.1377E+00 -0.8610E+00    0.4595
  0.1666  -0.955E+02  0.1980E+01  0.7082E-03  0.6755E-01 -0.1170E+01    0.4129
  0.1515  -0.120E+03  0.2081E+01  0.5137E-03  0.3273E-01 -0.1485E+01    0.3701
  0.1378  -0.152E+03  0.2182E+01  0.3697E-03  0.1571E-01 -0.1804E+01    0.3311
  0.1254  -0.192E+03  0.2283E+01  0.2646E-03  0.7495E-02 -0.2125E+01    0.2957
  0.1142  -0.242E+03  0.2384E+01  0.1885E-03  0.3558E-02 -0.2449E+01    0.2639
  0.1041  -0.305E+03  0.2485E+01  0.1339E-03  0.1684E-02 -0.2774E+01    0.2353
  0.0951  -0.385E+03  0.2586E+01  0.9495E-04  0.7948E-03 -0.3100E+01    0.2097
  0.0871  -0.486E+03  0.2687E+01  0.6722E-04  0.3746E-03 -0.3426E+01    0.1868
  0.0799  -0.614E+03  0.2788E+01  0.4753E-04  0.1763E-03 -0.3754E+01    0.1663
  0.0735  -0.774E+03  0.2889E+01  0.3359E-04  0.8291E-04 -0.4081E+01    0.1481
  0.0678  -0.977E+03  0.2990E+01  0.2372E-04  0.3897E-04 -0.4409E+01    0.1319
  0.0627  -0.123E+04  0.3091E+01  0.1675E-04  0.1831E-04 -0.4737E+01    0.1174
  0.0581  -0.156E+04  0.3192E+01  0.1182E-04  0.8598E-05 -0.5066E+01    0.1045
  0.0541  -0.196E+04  0.3293E+01  0.8339E-05  0.4037E-05 -0.5394E+01    0.0930
  0.0505  -0.248E+04  0.3394E+01  0.5884E-05  0.1895E-05 -0.5722E+01    0.0828
  0.0473  -0.313E+04  0.3495E+01  0.4151E-05  0.8898E-06 -0.6051E+01    0.0737
  0.0445  -0.394E+04  0.3596E+01  0.2928E-05  0.4177E-06 -0.6379E+01    0.0656
  0.0419  -0.498E+04  0.3697E+01  0.2065E-05  0.1960E-06 -0.6708E+01    0.0584
  0.0397  -0.628E+04  0.3798E+01  0.1457E-05  0.9201E-07 -0.7036E+01    0.0520
  0.0377  -0.792E+04  0.3899E+01  0.1028E-05  0.4318E-07 -0.7365E+01    0.0462
  0.0359  -0.100E+05  0.4000E+01  0.7248E-06  0.2027E-07 -0.7693E+01    0.0412
end
