 ******* Program HYDRUS
 ******* 
 Example 2 - test for codes                                              
 
 Units: L = cm   , T = days 

----------------------------------------------------------
 Time       [T]       91.0000
----------------------------------------------------------
 Sub-region num.                     1            2
----------------------------------------------------------
 Area     [L]        0.23000E+03  0.40000E+02  0.19000E+03
 W-volume [L]        0.78909E+02  0.14294E+02  0.64614E+02
 In-flow  [L/T]      0.00000E+00  0.00000E+00  0.00000E+00
 h Mean   [L]        0.60000E+02 -0.35000E+02  0.80000E+02
 Top Flux [L/T]      0.00000E+00
 Bot Flux [L/T]      0.00000E+00
----------------------------------------------------------

----------------------------------------------------------
 Time       [T]       92.0000
----------------------------------------------------------
 Sub-region num.                     1            2
----------------------------------------------------------
 Area     [L]        0.23000E+03  0.40000E+02  0.19000E+03
 W-volume [L]        0.78766E+02  0.14178E+02  0.64588E+02
 In-flow  [L/T]     -0.16000E+00 -0.12761E+00 -0.32391E-01
 h Mean   [L]        0.57912E+02 -0.37321E+02  0.77960E+02
 Top Flux [L/T]     -0.14671E-02
 Bot Flux [L/T]      0.00000E+00
 WatBalT  [L]       -0.42170E-05
 WatBalR  [%]              0.000
----------------------------------------------------------

----------------------------------------------------------
 Time       [T]       91.0000
----------------------------------------------------------
 Sub-region num.                     1            2
----------------------------------------------------------
 Area     [L]        0.23000E+03  0.40000E+02  0.19000E+03
 W-volume [L]        0.79210E+02  0.14568E+02  0.64642E+02
 In-flow  [L/T]      0.46128E+00  0.38045E+00  0.80829E-01
 h Mean   [L]        0.63052E+02 -0.29486E+02  0.82534E+02
 Top Flux [L/T]     -0.99617E+00
 Bot Flux [L/T]      0.00000E+00
 WatBalT  [L]       -0.14206E+00
 WatBalR  [%]              0.179
----------------------------------------------------------
