 ******* Program HYDRUS
 ******* 
 Example 2 - test for codes                                              
 
 Units: L = cm   , T = days 

----------------------------------------------------------
 Time       [T]       90.0000
----------------------------------------------------------
 Sub-region num.                     1            2
----------------------------------------------------------
 Area     [L]        0.23000E+03  0.40000E+02  0.19000E+03
 W-volume [L]        0.78909E+02  0.14294E+02  0.64614E+02
 In-flow  [L/T]      0.00000E+00  0.00000E+00  0.00000E+00
 h Mean   [L]        0.60000E+02 -0.35000E+02  0.80000E+02
 Top Flux [L/T]      0.00000E+00
 Bot Flux [L/T]      0.00000E+00
----------------------------------------------------------

----------------------------------------------------------
 Time       [T]       91.0000
----------------------------------------------------------
 Sub-region num.                     1            2
----------------------------------------------------------
 Area     [L]        0.23000E+03  0.40000E+02  0.19000E+03
 W-volume [L]        0.80321E+02  0.15955E+02  0.64366E+02
 In-flow  [L/T]     -0.82697E-02 -0.35323E-02 -0.47374E-02
 h Mean   [L]       -0.41203E+01  0.19313E+00 -0.50284E+01
 Top Flux [L/T]     -0.28893E+02
 Bot Flux [L/T]     -0.28901E+02
 WatBalT  [L]       -0.48432E-01
 WatBalR  [%]              0.060
----------------------------------------------------------
