 ******* Program HYDRUS
 ******* 
 Example 2 - test for codes                                              
 
 Units: L = cm   , T = days 
 
 MaxIt,TolTh,  TolH
   20   0.001 0.05000
 
 TopInF,BotInF,AtmBC,SinkF,WLayer,FreeD,lWat
     T     F     T     T     F     T     T

Nodal point information

node      x         hOld    MatN LayN  Beta

   1      0.000    -55.000    1    1   0.000
   2     -1.000    -54.000    1    1   0.000
   3     -2.000    -53.000    1    1   0.030
   4     -4.000    -51.000    1    1   0.030
   5     -6.000    -49.000    1    1   0.030
   6    -10.000    -45.000    1    1   0.030
   7    -15.000    -40.000    1    1   0.030
   8    -20.000    -35.000    1    1   0.030
   9    -25.000    -30.000    1    1   0.030
  10    -30.000    -25.000    1    1   0.030
  11    -40.000    -15.000    1    1   0.000
  12    -50.000     -5.000    2    2   0.000
  13    -60.000      5.000    2    2   0.000
  14    -70.000     15.000    2    2   0.000
  15    -80.000     25.000    2    2   0.000
  16    -90.000     35.000    2    2   0.000
  17   -100.000     45.000    2    2   0.000
  18   -110.000     55.000    2    2   0.000
  19   -120.000     65.000    2    2   0.000
  20   -130.000     75.000    2    2   0.000
  21   -140.000     85.000    2    2   0.000
  22   -150.000     95.000    2    2   0.000
  23   -160.000    105.000    2    2   0.000
  24   -170.000    115.000    2    2   0.000
  25   -180.000    125.000    2    2   0.000
  26   -190.000    135.000    2    2   0.000
  27   -200.000    145.000    2    2   0.000
  28   -210.000    155.000    2    2   0.000
  29   -220.000    165.000    2    2   0.000
  30   -225.000    170.000    2    2   0.000
  31   -228.000    173.000    2    2   0.000
  32   -229.000    174.000    2    2   0.000
  33   -230.000    175.000    2    2   0.000
end


MatNum, Param. array:

   Mat     Qr     Qs        Alfa         n          Ks      l

    1    0.000  0.399   0.174E-01   0.138E+01   0.298E+02  0.500
    2    0.000  0.339   0.139E-01   0.160E+01   0.453E+02  0.500

       Table of Hydraulic Properties which are interpolated in simulation
       =================================================================

  theta         h        log h        C             K        log K          S
 
  0.3990  -0.100E-05 -0.6000E+01  0.3170E-05  0.2968E+02  0.1473E+01    1.0000
  0.3990  -0.126E-05 -0.5899E+01  0.3459E-05  0.2968E+02  0.1472E+01    1.0000
  0.3990  -0.159E-05 -0.5798E+01  0.3775E-05  0.2967E+02  0.1472E+01    1.0000
  0.3990  -0.201E-05 -0.5697E+01  0.4120E-05  0.2966E+02  0.1472E+01    1.0000
  0.3990  -0.254E-05 -0.5596E+01  0.4496E-05  0.2965E+02  0.1472E+01    1.0000
  0.3990  -0.320E-05 -0.5495E+01  0.4907E-05  0.2964E+02  0.1472E+01    1.0000
  0.3990  -0.404E-05 -0.5394E+01  0.5355E-05  0.2963E+02  0.1472E+01    1.0000
  0.3990  -0.509E-05 -0.5293E+01  0.5844E-05  0.2962E+02  0.1472E+01    1.0000
  0.3990  -0.643E-05 -0.5192E+01  0.6377E-05  0.2961E+02  0.1471E+01    1.0000
  0.3990  -0.811E-05 -0.5091E+01  0.6959E-05  0.2960E+02  0.1471E+01    1.0000
  0.3990  -0.102E-04 -0.4990E+01  0.7595E-05  0.2958E+02  0.1471E+01    1.0000
  0.3990  -0.129E-04 -0.4889E+01  0.8288E-05  0.2957E+02  0.1471E+01    1.0000
  0.3990  -0.163E-04 -0.4788E+01  0.9045E-05  0.2955E+02  0.1471E+01    1.0000
  0.3990  -0.206E-04 -0.4687E+01  0.9871E-05  0.2953E+02  0.1470E+01    1.0000
  0.3990  -0.260E-04 -0.4586E+01  0.1077E-04  0.2951E+02  0.1470E+01    1.0000
  0.3990  -0.327E-04 -0.4485E+01  0.1176E-04  0.2949E+02  0.1470E+01    1.0000
  0.3990  -0.413E-04 -0.4384E+01  0.1283E-04  0.2946E+02  0.1469E+01    1.0000
  0.3990  -0.521E-04 -0.4283E+01  0.1400E-04  0.2944E+02  0.1469E+01    1.0000
  0.3990  -0.658E-04 -0.4182E+01  0.1528E-04  0.2941E+02  0.1468E+01    1.0000
  0.3990  -0.830E-04 -0.4081E+01  0.1668E-04  0.2938E+02  0.1468E+01    1.0000
  0.3990  -0.105E-03 -0.3980E+01  0.1820E-04  0.2934E+02  0.1468E+01    1.0000
  0.3990  -0.132E-03 -0.3879E+01  0.1986E-04  0.2931E+02  0.1467E+01    1.0000
  0.3990  -0.167E-03 -0.3778E+01  0.2167E-04  0.2926E+02  0.1466E+01    1.0000
  0.3990  -0.210E-03 -0.3677E+01  0.2365E-04  0.2922E+02  0.1466E+01    1.0000
  0.3990  -0.266E-03 -0.3576E+01  0.2581E-04  0.2917E+02  0.1465E+01    1.0000
  0.3990  -0.335E-03 -0.3475E+01  0.2817E-04  0.2912E+02  0.1464E+01    1.0000
  0.3990  -0.423E-03 -0.3374E+01  0.3074E-04  0.2906E+02  0.1463E+01    1.0000
  0.3990  -0.534E-03 -0.3273E+01  0.3355E-04  0.2900E+02  0.1462E+01    1.0000
  0.3990  -0.673E-03 -0.3172E+01  0.3661E-04  0.2893E+02  0.1461E+01    1.0000
  0.3990  -0.850E-03 -0.3071E+01  0.3995E-04  0.2885E+02  0.1460E+01    1.0000
  0.3990  -0.107E-02 -0.2970E+01  0.4360E-04  0.2877E+02  0.1459E+01    1.0000
  0.3990  -0.135E-02 -0.2869E+01  0.4758E-04  0.2868E+02  0.1458E+01    1.0000
  0.3990  -0.171E-02 -0.2768E+01  0.5193E-04  0.2858E+02  0.1456E+01    1.0000
  0.3990  -0.215E-02 -0.2667E+01  0.5667E-04  0.2848E+02  0.1455E+01    1.0000
  0.3990  -0.272E-02 -0.2566E+01  0.6185E-04  0.2836E+02  0.1453E+01    1.0000
  0.3990  -0.343E-02 -0.2465E+01  0.6749E-04  0.2824E+02  0.1451E+01    1.0000
  0.3990  -0.433E-02 -0.2364E+01  0.7366E-04  0.2810E+02  0.1449E+01    1.0000
  0.3990  -0.546E-02 -0.2263E+01  0.8038E-04  0.2795E+02  0.1446E+01    1.0000
  0.3990  -0.689E-02 -0.2162E+01  0.8772E-04  0.2779E+02  0.1444E+01    1.0000
  0.3990  -0.870E-02 -0.2061E+01  0.9573E-04  0.2761E+02  0.1441E+01    1.0000
  0.3990  -0.110E-01 -0.1960E+01  0.1045E-03  0.2742E+02  0.1438E+01    1.0000
  0.3990  -0.138E-01 -0.1859E+01  0.1140E-03  0.2721E+02  0.1435E+01    1.0000
  0.3990  -0.175E-01 -0.1758E+01  0.1244E-03  0.2698E+02  0.1431E+01    1.0000
  0.3990  -0.221E-01 -0.1657E+01  0.1358E-03  0.2674E+02  0.1427E+01    1.0000
  0.3990  -0.278E-01 -0.1556E+01  0.1482E-03  0.2647E+02  0.1423E+01    1.0000
  0.3990  -0.351E-01 -0.1455E+01  0.1617E-03  0.2618E+02  0.1418E+01    1.0000
  0.3990  -0.443E-01 -0.1354E+01  0.1765E-03  0.2587E+02  0.1413E+01    1.0000
  0.3990  -0.559E-01 -0.1253E+01  0.1926E-03  0.2552E+02  0.1407E+01    1.0000
  0.3990  -0.705E-01 -0.1152E+01  0.2102E-03  0.2515E+02  0.1401E+01    1.0000
  0.3990  -0.890E-01 -0.1051E+01  0.2293E-03  0.2475E+02  0.1394E+01    1.0000
  0.3990  -0.112E+00 -0.9495E+00  0.2503E-03  0.2432E+02  0.1386E+01    0.9999
  0.3990  -0.142E+00 -0.8485E+00  0.2731E-03  0.2385E+02  0.1377E+01    0.9999
  0.3990  -0.179E+00 -0.7475E+00  0.2980E-03  0.2334E+02  0.1368E+01    0.9999
  0.3989  -0.226E+00 -0.6465E+00  0.3251E-03  0.2279E+02  0.1358E+01    0.9999
  0.3989  -0.285E+00 -0.5455E+00  0.3548E-03  0.2220E+02  0.1346E+01    0.9998
  0.3989  -0.359E+00 -0.4444E+00  0.3870E-03  0.2157E+02  0.1334E+01    0.9997
  0.3989  -0.453E+00 -0.3434E+00  0.4222E-03  0.2089E+02  0.1320E+01    0.9997
  0.3988  -0.572E+00 -0.2424E+00  0.4604E-03  0.2016E+02  0.1304E+01    0.9995
  0.3987  -0.722E+00 -0.1414E+00  0.5021E-03  0.1937E+02  0.1287E+01    0.9993
  0.3986  -0.911E+00 -0.4040E-01  0.5473E-03  0.1854E+02  0.1268E+01    0.9991
  0.3985  -0.115E+01  0.6061E-01  0.5963E-03  0.1764E+02  0.1247E+01    0.9987
  0.3983  -0.145E+01  0.1616E+00  0.6493E-03  0.1670E+02  0.1223E+01    0.9983
  0.3981  -0.183E+01  0.2626E+00  0.7065E-03  0.1570E+02  0.1196E+01    0.9976
  0.3977  -0.231E+01  0.3636E+00  0.7678E-03  0.1464E+02  0.1166E+01    0.9967
  0.3972  -0.292E+01  0.4646E+00  0.8331E-03  0.1354E+02  0.1131E+01    0.9955
  0.3966  -0.368E+01  0.5657E+00  0.9022E-03  0.1239E+02  0.1093E+01    0.9939
  0.3956  -0.464E+01  0.6667E+00  0.9741E-03  0.1120E+02  0.1049E+01    0.9916
  0.3944  -0.586E+01  0.7677E+00  0.1048E-02  0.9982E+01  0.9992E+00    0.9885
  0.3928  -0.739E+01  0.8687E+00  0.1121E-02  0.8753E+01  0.9422E+00    0.9843
  0.3905  -0.933E+01  0.9697E+00  0.1191E-02  0.7530E+01  0.8768E+00    0.9787
  0.3875  -0.118E+02  0.1071E+01  0.1254E-02  0.6334E+01  0.8017E+00    0.9712
  0.3836  -0.148E+02  0.1172E+01  0.1305E-02  0.5192E+01  0.7153E+00    0.9613
  0.3784  -0.187E+02  0.1273E+01  0.1337E-02  0.4130E+01  0.6159E+00    0.9484
  0.3718  -0.236E+02  0.1374E+01  0.1344E-02  0.3176E+01  0.5018E+00    0.9319
  0.3636  -0.298E+02  0.1475E+01  0.1321E-02  0.2352E+01  0.3714E+00    0.9112
  0.3535  -0.376E+02  0.1576E+01  0.1264E-02  0.1672E+01  0.2232E+00    0.8858
  0.3414  -0.475E+02  0.1677E+01  0.1174E-02  0.1139E+01  0.5642E-01    0.8557
  0.3276  -0.599E+02  0.1778E+01  0.1056E-02  0.7427E+00 -0.1292E+00    0.8209
  0.3121  -0.756E+02  0.1879E+01  0.9194E-03  0.4644E+00 -0.3331E+00    0.7821
  0.2953  -0.955E+02  0.1980E+01  0.7759E-03  0.2792E+00 -0.5541E+00    0.7401
  0.2778  -0.120E+03  0.2081E+01  0.6362E-03  0.1620E+00 -0.7904E+00    0.6961
  0.2598  -0.152E+03  0.2182E+01  0.5086E-03  0.9127E-01 -0.1040E+01    0.6511
  0.2419  -0.192E+03  0.2283E+01  0.3979E-03  0.5013E-01 -0.1300E+01    0.6063
  0.2244  -0.242E+03  0.2384E+01  0.3059E-03  0.2698E-01 -0.1569E+01    0.5624
  0.2076  -0.305E+03  0.2485E+01  0.2319E-03  0.1429E-01 -0.1845E+01    0.5201
  0.1915  -0.385E+03  0.2586E+01  0.1740E-03  0.7480E-02 -0.2126E+01    0.4799
  0.1764  -0.486E+03  0.2687E+01  0.1294E-03  0.3878E-02 -0.2411E+01    0.4420
  0.1623  -0.614E+03  0.2788E+01  0.9563E-04  0.1996E-02 -0.2700E+01    0.4066
  0.1491  -0.774E+03  0.2889E+01  0.7035E-04  0.1022E-02 -0.2990E+01    0.3736
  0.1369  -0.977E+03  0.2990E+01  0.5157E-04  0.5216E-03 -0.3283E+01    0.3430
  0.1257  -0.123E+04  0.3091E+01  0.3771E-04  0.2653E-03 -0.3576E+01    0.3148
  0.1153  -0.156E+04  0.3192E+01  0.2752E-04  0.1347E-03 -0.3871E+01    0.2888
  0.1057  -0.196E+04  0.3293E+01  0.2006E-04  0.6827E-04 -0.4166E+01    0.2648
  0.0970  -0.248E+04  0.3394E+01  0.1461E-04  0.3456E-04 -0.4461E+01    0.2428
  0.0889  -0.313E+04  0.3495E+01  0.1063E-04  0.1748E-04 -0.4757E+01    0.2226
  0.0815  -0.394E+04  0.3596E+01  0.7729E-05  0.8840E-05 -0.5054E+01    0.2040
  0.0747  -0.498E+04  0.3697E+01  0.5618E-05  0.4467E-05 -0.5350E+01    0.1870
  0.0685  -0.628E+04  0.3798E+01  0.4083E-05  0.2257E-05 -0.5646E+01    0.1714
  0.0627  -0.792E+04  0.3899E+01  0.2967E-05  0.1140E-05 -0.5943E+01    0.1571
  0.0575  -0.100E+05  0.4000E+01  0.2155E-05  0.5757E-06 -0.6240E+01    0.1439
end
 
  0.3390  -0.100E-05 -0.6000E+01  0.5247E-07  0.4534E+02  0.1656E+01    1.0000
  0.3390  -0.126E-05 -0.5899E+01  0.6036E-07  0.4534E+02  0.1656E+01    1.0000
  0.3390  -0.159E-05 -0.5798E+01  0.6944E-07  0.4534E+02  0.1656E+01    1.0000
  0.3390  -0.201E-05 -0.5697E+01  0.7989E-07  0.4534E+02  0.1656E+01    1.0000
  0.3390  -0.254E-05 -0.5596E+01  0.9190E-07  0.4534E+02  0.1656E+01    1.0000
  0.3390  -0.320E-05 -0.5495E+01  0.1057E-06  0.4534E+02  0.1656E+01    1.0000
  0.3390  -0.404E-05 -0.5394E+01  0.1216E-06  0.4534E+02  0.1656E+01    1.0000
  0.3390  -0.509E-05 -0.5293E+01  0.1399E-06  0.4534E+02  0.1656E+01    1.0000
  0.3390  -0.643E-05 -0.5192E+01  0.1610E-06  0.4534E+02  0.1656E+01    1.0000
  0.3390  -0.811E-05 -0.5091E+01  0.1852E-06  0.4533E+02  0.1656E+01    1.0000
  0.3390  -0.102E-04 -0.4990E+01  0.2130E-06  0.4533E+02  0.1656E+01    1.0000
  0.3390  -0.129E-04 -0.4889E+01  0.2451E-06  0.4533E+02  0.1656E+01    1.0000
  0.3390  -0.163E-04 -0.4788E+01  0.2819E-06  0.4533E+02  0.1656E+01    1.0000
  0.3390  -0.206E-04 -0.4687E+01  0.3243E-06  0.4533E+02  0.1656E+01    1.0000
  0.3390  -0.260E-04 -0.4586E+01  0.3731E-06  0.4533E+02  0.1656E+01    1.0000
  0.3390  -0.327E-04 -0.4485E+01  0.4292E-06  0.4533E+02  0.1656E+01    1.0000
  0.3390  -0.413E-04 -0.4384E+01  0.4937E-06  0.4532E+02  0.1656E+01    1.0000
  0.3390  -0.521E-04 -0.4283E+01  0.5680E-06  0.4532E+02  0.1656E+01    1.0000
  0.3390  -0.658E-04 -0.4182E+01  0.6534E-06  0.4532E+02  0.1656E+01    1.0000
  0.3390  -0.830E-04 -0.4081E+01  0.7517E-06  0.4532E+02  0.1656E+01    1.0000
  0.3390  -0.105E-03 -0.3980E+01  0.8648E-06  0.4531E+02  0.1656E+01    1.0000
  0.3390  -0.132E-03 -0.3879E+01  0.9948E-06  0.4531E+02  0.1656E+01    1.0000
  0.3390  -0.167E-03 -0.3778E+01  0.1144E-05  0.4530E+02  0.1656E+01    1.0000
  0.3390  -0.210E-03 -0.3677E+01  0.1317E-05  0.4530E+02  0.1656E+01    1.0000
  0.3390  -0.266E-03 -0.3576E+01  0.1515E-05  0.4529E+02  0.1656E+01    1.0000
  0.3390  -0.335E-03 -0.3475E+01  0.1742E-05  0.4528E+02  0.1656E+01    1.0000
  0.3390  -0.423E-03 -0.3374E+01  0.2004E-05  0.4528E+02  0.1656E+01    1.0000
  0.3390  -0.534E-03 -0.3273E+01  0.2306E-05  0.4527E+02  0.1656E+01    1.0000
  0.3390  -0.673E-03 -0.3172E+01  0.2653E-05  0.4526E+02  0.1656E+01    1.0000
  0.3390  -0.850E-03 -0.3071E+01  0.3052E-05  0.4524E+02  0.1656E+01    1.0000
  0.3390  -0.107E-02 -0.2970E+01  0.3511E-05  0.4523E+02  0.1655E+01    1.0000
  0.3390  -0.135E-02 -0.2869E+01  0.4039E-05  0.4521E+02  0.1655E+01    1.0000
  0.3390  -0.171E-02 -0.2768E+01  0.4646E-05  0.4519E+02  0.1655E+01    1.0000
  0.3390  -0.215E-02 -0.2667E+01  0.5345E-05  0.4517E+02  0.1655E+01    1.0000
  0.3390  -0.272E-02 -0.2566E+01  0.6149E-05  0.4514E+02  0.1655E+01    1.0000
  0.3390  -0.343E-02 -0.2465E+01  0.7073E-05  0.4511E+02  0.1654E+01    1.0000
  0.3390  -0.433E-02 -0.2364E+01  0.8137E-05  0.4508E+02  0.1654E+01    1.0000
  0.3390  -0.546E-02 -0.2263E+01  0.9361E-05  0.4504E+02  0.1654E+01    1.0000
  0.3390  -0.689E-02 -0.2162E+01  0.1077E-04  0.4500E+02  0.1653E+01    1.0000
  0.3390  -0.870E-02 -0.2061E+01  0.1239E-04  0.4495E+02  0.1653E+01    1.0000
  0.3390  -0.110E-01 -0.1960E+01  0.1425E-04  0.4489E+02  0.1652E+01    1.0000
  0.3390  -0.138E-01 -0.1859E+01  0.1639E-04  0.4482E+02  0.1651E+01    1.0000
  0.3390  -0.175E-01 -0.1758E+01  0.1886E-04  0.4474E+02  0.1651E+01    1.0000
  0.3390  -0.221E-01 -0.1657E+01  0.2170E-04  0.4465E+02  0.1650E+01    1.0000
  0.3390  -0.278E-01 -0.1556E+01  0.2496E-04  0.4455E+02  0.1649E+01    1.0000
  0.3390  -0.351E-01 -0.1455E+01  0.2871E-04  0.4443E+02  0.1648E+01    1.0000
  0.3390  -0.443E-01 -0.1354E+01  0.3303E-04  0.4429E+02  0.1646E+01    1.0000
  0.3390  -0.559E-01 -0.1253E+01  0.3800E-04  0.4413E+02  0.1645E+01    1.0000
  0.3390  -0.705E-01 -0.1152E+01  0.4372E-04  0.4395E+02  0.1643E+01    1.0000
  0.3390  -0.890E-01 -0.1051E+01  0.5029E-04  0.4375E+02  0.1641E+01    1.0000
  0.3390  -0.112E+00 -0.9495E+00  0.5785E-04  0.4351E+02  0.1639E+01    1.0000
  0.3390  -0.142E+00 -0.8485E+00  0.6655E-04  0.4324E+02  0.1636E+01    1.0000
  0.3390  -0.179E+00 -0.7475E+00  0.7656E-04  0.4293E+02  0.1633E+01    1.0000
  0.3390  -0.226E+00 -0.6465E+00  0.8807E-04  0.4257E+02  0.1629E+01    1.0000
  0.3390  -0.285E+00 -0.5455E+00  0.1013E-03  0.4216E+02  0.1625E+01    0.9999
  0.3390  -0.359E+00 -0.4444E+00  0.1165E-03  0.4169E+02  0.1620E+01    0.9999
  0.3390  -0.453E+00 -0.3434E+00  0.1340E-03  0.4115E+02  0.1614E+01    0.9999
  0.3389  -0.572E+00 -0.2424E+00  0.1542E-03  0.4054E+02  0.1608E+01    0.9998
  0.3389  -0.722E+00 -0.1414E+00  0.1773E-03  0.3984E+02  0.1600E+01    0.9998
  0.3389  -0.911E+00 -0.4040E-01  0.2039E-03  0.3905E+02  0.1592E+01    0.9997
  0.3388  -0.115E+01  0.6061E-01  0.2344E-03  0.3814E+02  0.1581E+01    0.9995
  0.3388  -0.145E+01  0.1616E+00  0.2695E-03  0.3711E+02  0.1569E+01    0.9993
  0.3386  -0.183E+01  0.2626E+00  0.3096E-03  0.3594E+02  0.1556E+01    0.9990
  0.3385  -0.231E+01  0.3636E+00  0.3556E-03  0.3462E+02  0.1539E+01    0.9985
  0.3383  -0.292E+01  0.4646E+00  0.4081E-03  0.3314E+02  0.1520E+01    0.9978
  0.3379  -0.368E+01  0.5657E+00  0.4677E-03  0.3147E+02  0.1498E+01    0.9968
  0.3374  -0.464E+01  0.6667E+00  0.5353E-03  0.2961E+02  0.1471E+01    0.9954
  0.3367  -0.586E+01  0.7677E+00  0.6111E-03  0.2755E+02  0.1440E+01    0.9933
  0.3357  -0.739E+01  0.8687E+00  0.6954E-03  0.2528E+02  0.1403E+01    0.9904
  0.3343  -0.933E+01  0.9697E+00  0.7875E-03  0.2282E+02  0.1358E+01    0.9861
  0.3323  -0.118E+02  0.1071E+01  0.8858E-03  0.2019E+02  0.1305E+01    0.9801
  0.3294  -0.148E+02  0.1172E+01  0.9870E-03  0.1743E+02  0.1241E+01    0.9716
  0.3253  -0.187E+02  0.1273E+01  0.1085E-02  0.1460E+02  0.1164E+01    0.9596
  0.3198  -0.236E+02  0.1374E+01  0.1172E-02  0.1179E+02  0.1072E+01    0.9433
  0.3123  -0.298E+02  0.1475E+01  0.1237E-02  0.9124E+01  0.9602E+00    0.9212
  0.3025  -0.376E+02  0.1576E+01  0.1266E-02  0.6714E+01  0.8270E+00    0.8922
  0.2900  -0.475E+02  0.1677E+01  0.1249E-02  0.4669E+01  0.6692E+00    0.8556
  0.2749  -0.599E+02  0.1778E+01  0.1180E-02  0.3054E+01  0.4849E+00    0.8109
  0.2573  -0.756E+02  0.1879E+01  0.1065E-02  0.1875E+01  0.2730E+00    0.7588
  0.2377  -0.955E+02  0.1980E+01  0.9166E-03  0.1083E+01  0.3444E-01    0.7009
  0.2168  -0.120E+03  0.2081E+01  0.7539E-03  0.5905E+00 -0.2288E+00    0.6396
  0.1957  -0.152E+03  0.2182E+01  0.5956E-03  0.3066E+00 -0.5134E+00    0.5771
  0.1750  -0.192E+03  0.2283E+01  0.4548E-03  0.1529E+00 -0.8156E+00    0.5160
  0.1553  -0.242E+03  0.2384E+01  0.3379E-03  0.7382E-01 -0.1132E+01    0.4579
  0.1370  -0.305E+03  0.2485E+01  0.2459E-03  0.3478E-01 -0.1459E+01    0.4040
  0.1204  -0.385E+03  0.2586E+01  0.1761E-03  0.1609E-01 -0.1793E+01    0.3550
  0.1055  -0.486E+03  0.2687E+01  0.1247E-03  0.7345E-02 -0.2134E+01    0.3109
  0.0922  -0.614E+03  0.2788E+01  0.8757E-04  0.3322E-02 -0.2479E+01    0.2717
  0.0804  -0.774E+03  0.2889E+01  0.6114E-04  0.1493E-02 -0.2826E+01    0.2370
  0.0701  -0.977E+03  0.2990E+01  0.4251E-04  0.6674E-03 -0.3176E+01    0.2066
  0.0611  -0.123E+04  0.3091E+01  0.2948E-04  0.2975E-03 -0.3527E+01    0.1799
  0.0532  -0.156E+04  0.3192E+01  0.2040E-04  0.1323E-03 -0.3878E+01    0.1566
  0.0463  -0.196E+04  0.3293E+01  0.1409E-04  0.5874E-04 -0.4231E+01    0.1362
  0.0402  -0.248E+04  0.3394E+01  0.9730E-05  0.2605E-04 -0.4584E+01    0.1185
  0.0350  -0.313E+04  0.3495E+01  0.6712E-05  0.1155E-04 -0.4938E+01    0.1030
  0.0305  -0.394E+04  0.3596E+01  0.4629E-05  0.5114E-05 -0.5291E+01    0.0896
  0.0265  -0.498E+04  0.3697E+01  0.3191E-05  0.2264E-05 -0.5645E+01    0.0779
  0.0230  -0.628E+04  0.3798E+01  0.2199E-05  0.1002E-05 -0.5999E+01    0.0677
  0.0200  -0.792E+04  0.3899E+01  0.1515E-05  0.4437E-06 -0.6353E+01    0.0589
  0.0174  -0.100E+05  0.4000E+01  0.1044E-05  0.1964E-06 -0.6707E+01    0.0512
end
