 ******* Program HYDRUS
 ******* 
 Example 2 - test for codes                                              
 
 Units: L = cm   , T = days 


   TLevel   Time         dt      Iter    ItCum  KodT  KodB  Convergency

      1 0.90033E+02 0.33333E-01   19       39     4    -5     T
      2 0.90037E+02 0.33219E-02    5       64     4    -5     T
      3 0.90038E+02 0.11073E-02    3       87     4    -5     T
      4 0.90039E+02 0.14405E-02    7       94     4    -5     T
      5 0.90040E+02 0.43182E-03    5       99     4    -5     T
      6 0.90040E+02 0.43182E-03    2      101     4    -5     T
      7 0.90041E+02 0.56136E-03    5      106     4    -5     T
      8 0.90041E+02 0.56137E-03    3      109     4    -5     T
      9 0.90042E+02 0.72969E-03    3      112     4    -5     T
     10 0.90043E+02 0.94860E-03    6      118     4    -5     T
     11 0.90044E+02 0.94859E-03   10      128     4    -5     T
     12 0.90044E+02 0.10000E-03    2      150     4    -5     T
     13 0.90044E+02 0.10000E-03   20      190     4    -5     F
     14 0.90044E+02 0.99999E-04   20      210     4    -5     F
     15 0.90044E+02 0.99999E-04   20      230     4    -5     F
     16 0.90044E+02 0.99998E-04    4      234     4    -5     T
     17 0.90044E+02 0.99998E-04    2      236     4    -5     T
     18 0.90045E+02 0.12999E-03    2      238     4    -5     T
     19 0.90045E+02 0.16899E-03    2      240     4    -5     T
     20 0.90045E+02 0.21971E-03    2      242     4    -5     T
     21 0.90045E+02 0.28560E-03    2      244     4    -5     T
     22 0.90046E+02 0.37122E-03    2      246     4    -5     T
     23 0.90046E+02 0.48276E-03    2      248     4    -5     T
     24 0.90047E+02 0.62758E-03    3      251     4    -5     T
     25 0.90048E+02 0.81548E-03    4      255     4    -5     T
     26 0.90048E+02 0.27183E-03    6      281     4    -5     T
     27 0.90048E+02 0.27183E-03    2      283     4    -5     T
     28 0.90048E+02 0.10000E-03   11      334     4    -5     T
     29 0.90048E+02 0.10000E-03   20      374     4    -5     F
     30 0.90048E+02 0.10000E-03    6      380     4    -5     T
     31 0.90048E+02 0.10000E-03    6      386     4    -5     T
     32 0.90049E+02 0.10000E-03    9      395     4    -5     T
     33 0.90049E+02 0.10000E-03    2      397     4    -5     T
     34 0.90049E+02 0.10000E-03   20      437     4    -5     F
     35 0.90049E+02 0.10000E-03   20      477     4    -5     F
     36 0.90049E+02 0.10000E-03    3      480     4    -5     T
     37 0.90049E+02 0.10000E-03   20      520     4    -5     F
     38 0.90049E+02 0.10000E-03    7      527     4    -5     T
     39 0.90049E+02 0.10000E-03   20      567     4    -5     F
     40 0.90049E+02 0.10000E-03   14      581     4    -5     T
     41 0.90049E+02 0.10000E-03    6      587     4    -5     T
     42 0.90050E+02 0.10000E-03    2      589     4    -5     T
     43 0.90050E+02 0.13000E-03    2      591     4    -5     T
     44 0.90050E+02 0.16900E-03    2      593     4    -5     T
     45 0.90050E+02 0.21969E-03    2      595     4    -5     T
     46 0.90050E+02 0.28560E-03    2      597     4    -5     T
     47 0.90051E+02 0.37124E-03    2      599     4    -5     T
     48 0.90051E+02 0.48260E-03    2      601     4    -5     T
     49 0.90052E+02 0.62750E-03    3      604     4    -5     T
     50 0.90053E+02 0.81596E-03    4      608     4    -5     T
     51 0.90053E+02 0.81596E-03   13      621     4    -5     T
     52 0.90054E+02 0.24470E-03    2      623     4    -5     T
     53 0.90054E+02 0.10606E-03    7      650     4    -5     T
     54 0.90054E+02 0.99997E-04   20      670     4    -5     F
     55 0.90054E+02 0.99997E-04   12      682     4    -5     T
     56 0.90054E+02 0.99997E-04   20      702     4    -5     F
     57 0.90054E+02 0.99997E-04   20      722     4    -5     F
     58 0.90054E+02 0.99997E-04   14      736     4    -5     T
     59 0.90054E+02 0.99997E-04   20      756     4    -5     F
     60 0.90055E+02 0.99997E-04   20      776     4    -5     F
     61 0.90055E+02 0.99997E-04   20      796     4    -5     F
     62 0.90055E+02 0.99997E-04   20      816     4    -5     F
     63 0.90055E+02 0.99996E-04   20      836     4    -5     F
     64 0.90055E+02 0.99997E-04   20      856     4    -5     F
     65 0.90055E+02 0.99997E-04   20      876     4    -5     F
     66 0.90055E+02 0.99997E-04   20      896     4    -5     F
     67 0.90055E+02 0.99997E-04   20      916     4    -5     F
     68 0.90055E+02 0.99997E-04   20      936     4    -5     F
     69 0.90055E+02 0.99997E-04   20      956     4    -5     F
     70 0.90056E+02 0.99997E-04   20      976     4    -5     F
     71 0.90056E+02 0.99997E-04    2      978     4    -5     T
     72 0.90056E+02 0.13001E-03    5      983     4    -5     T
     73 0.90056E+02 0.13001E-03    2      985     4    -5     T
     74 0.90056E+02 0.16901E-03    2      987     4    -5     T
     75 0.90056E+02 0.21973E-03    2      989     4    -5     T
     76 0.90057E+02 0.28563E-03    2      991     4    -5     T
     77 0.90057E+02 0.37129E-03    2      993     4    -5     T
     78 0.90057E+02 0.48263E-03    2      995     4    -5     T
     79 0.90058E+02 0.62755E-03    3      998     4    -5     T
     80 0.90059E+02 0.81555E-03    6     1004     4    -5     T
     81 0.90059E+02 0.27185E-03    6     1030     4    -5     T
     82 0.90059E+02 0.27185E-03    2     1032     4    -5     T
     83 0.90060E+02 0.35334E-03    2     1034     4    -5     T
     84 0.90060E+02 0.15311E-03    6     1060     4    -5     T
     85 0.90060E+02 0.10000E-03   20     1100     4    -5     F
     86 0.90060E+02 0.99999E-04    3     1103     4    -5     T
     87 0.90060E+02 0.10000E-03   20     1143     4    -5     F
     88 0.90060E+02 0.99999E-04   14     1157     4    -5     T
     89 0.90060E+02 0.99999E-04   20     1177     4    -5     F
     90 0.90061E+02 0.99999E-04   20     1197     4    -5     F
     91 0.90061E+02 0.99999E-04   20     1217     4    -5     F
     92 0.90061E+02 0.99999E-04   20     1237     4    -5     F
     93 0.90061E+02 0.99998E-04   20     1257     4    -5     F
     94 0.90061E+02 0.99999E-04   20     1277     4    -5     F
     95 0.90061E+02 0.99999E-04   20     1297     4    -5     F
     96 0.90061E+02 0.99999E-04   20     1317     4    -5     F
     97 0.90061E+02 0.99999E-04   20     1337     4    -5     F
     98 0.90061E+02 0.99999E-04   20     1357     4    -5     F
     99 0.90061E+02 0.99999E-04   20     1377     4    -5     F
    100 0.90062E+02 0.99999E-04   20     1397     4    -5     F
    101 0.90062E+02 0.99999E-04   20     1417     4    -5     F
    102 0.90062E+02 0.99999E-04   20     1437     4    -5     F
    103 0.90062E+02 0.99998E-04   20     1457     4    -5     F
    104 0.90062E+02 0.99999E-04   20     1477     4    -5     F
    105 0.90062E+02 0.99999E-04   20     1497     4    -5     F
    106 0.90062E+02 0.99999E-04   20     1517     4    -5     F
    107 0.90062E+02 0.99999E-04   20     1537     4    -5     F
    108 0.90062E+02 0.99999E-04   20     1557     4    -5     F
    109 0.90062E+02 0.99999E-04   20     1577     4    -5     F
    110 0.90063E+02 0.99999E-04   20     1597     4    -5     F
    111 0.90063E+02 0.99999E-04   20     1617     4    -5     F
    112 0.90063E+02 0.99998E-04    2     1619     4    -5     T
    113 0.90063E+02 0.13000E-03    4     1623     4    -5     T
    114 0.90063E+02 0.13000E-03    2     1625     4    -5     T
    115 0.90063E+02 0.16899E-03    2     1627     4    -5     T
    116 0.90063E+02 0.21971E-03    2     1629     4    -5     T
    117 0.90064E+02 0.28565E-03    2     1631     4    -5     T
    118 0.90064E+02 0.37128E-03    2     1633     4    -5     T
    119 0.90064E+02 0.48271E-03    2     1635     4    -5     T
    120 0.90065E+02 0.62743E-03    2     1637     4    -5     T
    121 0.90066E+02 0.81577E-03    3     1640     4    -5     T
    122 0.90067E+02 0.10602E-02    3     1643     4    -5     T
    123 0.90068E+02 0.13781E-02    2     1645     4    -5     T
    124 0.90069E+02 0.59719E-03    5     1670     4    -5     T
    125 0.90070E+02 0.59719E-03    2     1672     4    -5     T
    126 0.90070E+02 0.25888E-03    2     1694     4    -5     T
    127 0.90070E+02 0.33653E-03    2     1696     4    -5     T
    128 0.90071E+02 0.43757E-03    2     1698     4    -5     T
    129 0.90071E+02 0.56878E-03    2     1700     4    -5     T
    130 0.90071E+02 0.24650E-03    3     1723     4    -5     T
    131 0.90072E+02 0.32042E-03    3     1726     4    -5     T
    132 0.90072E+02 0.13888E-03    2     1748     4    -5     T
    133 0.90072E+02 0.18053E-03    2     1750     4    -5     T
    134 0.90072E+02 0.23468E-03    2     1752     4    -5     T
    135 0.90073E+02 0.30507E-03    2     1754     4    -5     T
    136 0.90073E+02 0.13222E-03    2     1776     4    -5     T
    137 0.90073E+02 0.17187E-03    2     1778     4    -5     T
    138 0.90073E+02 0.22345E-03    2     1780     4    -5     T
    139 0.90073E+02 0.10000E-03    2     1802     4    -5     T
    140 0.90073E+02 0.13000E-03    2     1804     4    -5     T
    141 0.90074E+02 0.16900E-03    2     1806     4    -5     T
    142 0.90074E+02 0.21970E-03    2     1808     4    -5     T
    143 0.90074E+02 0.10000E-03    2     1830     4    -5     T
    144 0.90074E+02 0.13000E-03    2     1832     4    -5     T
    145 0.90074E+02 0.16901E-03    2     1834     4    -5     T
    146 0.90074E+02 0.10000E-03    2     1856     4    -5     T
    147 0.90074E+02 0.13000E-03    2     1858     4    -5     T
    148 0.90075E+02 0.16900E-03    2     1860     4    -5     T
    149 0.90075E+02 0.21972E-03    2     1862     4    -5     T
    150 0.90075E+02 0.10000E-03    2     1884     4    -5     T
    151 0.90075E+02 0.13001E-03    2     1886     4    -5     T
    152 0.90075E+02 0.10000E-03    2     1908     4    -5     T
    153 0.90075E+02 0.12999E-03    6     1914     4    -5     T
    154 0.90075E+02 0.12999E-03   20     1934     4    -5     T
    155 0.90075E+02 0.10000E-03    3     1937     4    -5     T
    156 0.90076E+02 0.10000E-03    2     1959     4    -5     T
    157 0.90076E+02 0.10000E-03    2     1981     4    -5     T
    158 0.90076E+02 0.10000E-03    6     2007     4    -5     T
    159 0.90076E+02 0.10000E-03    6     2013     4    -5     T
    160 0.90076E+02 0.10000E-03   10     2023     4    -5     T
    161 0.90076E+02 0.10000E-03   20     2063     4    -5     F
    162 0.90076E+02 0.10000E-03   20     2103     4    -5     F
    163 0.90076E+02 0.10000E-03    3     2106     4    -5     T
    164 0.90076E+02 0.10000E-03   20     2146     4    -5     F
    165 0.90076E+02 0.10000E-03    3     2149     4    -5     T
    166 0.90077E+02 0.13000E-03   17     2166     4    -5     T
    167 0.90077E+02 0.10000E-03    4     2170     4    -5     T
    168 0.90077E+02 0.10000E-03   18     2208     4    -5     T
    169 0.90077E+02 0.10000E-03    5     2213     4    -5     T
    170 0.90077E+02 0.10000E-03   13     2246     4    -5     T
    171 0.90077E+02 0.10000E-03   20     2286     4    -5     F
    172 0.90077E+02 0.10000E-03    7     2313     4    -5     T
    173 0.90077E+02 0.10000E-03   20     2353     4    -5     F
    174 0.90077E+02 0.10000E-03    5     2358     4    -5     T
    175 0.90077E+02 0.10000E-03   14     2372     4    -5     T
    176 0.90078E+02 0.10000E-03   20     2412     4    -5     F
    177 0.90078E+02 0.10000E-03   16     2428     4    -5     T
    178 0.90078E+02 0.10000E-03    5     2453     4    -5     T
    179 0.90078E+02 0.10000E-03    5     2478     4    -5     T
    180 0.90078E+02 0.10000E-03   20     2518     4    -5     F
    181 0.90078E+02 0.10000E-03   15     2533     4    -5     T
    182 0.90078E+02 0.10000E-03   16     2549     4    -5     T
    183 0.90078E+02 0.10000E-03   20     2589     4    -5     F
    184 0.90078E+02 0.10000E-03   20     2629     4    -5     F
    185 0.90078E+02 0.10000E-03    4     2633     4    -5     T
    186 0.90079E+02 0.10000E-03   20     2673     4    -5     F
    187 0.90079E+02 0.10000E-03   20     2713     4    -5     F
    188 0.90079E+02 0.10000E-03   11     2744     4    -5     T
    189 0.90079E+02 0.10000E-03   13     2757     4    -5     T
    190 0.90079E+02 0.10000E-03   20     2797     4    -5     F
    191 0.90079E+02 0.10000E-03    6     2803     4    -5     T
    192 0.90079E+02 0.10000E-03   13     2836     4    -5     T
    193 0.90079E+02 0.10000E-03   14     2850     4    -5     T
    194 0.90079E+02 0.10000E-03   20     2890     4    -5     F
    195 0.90079E+02 0.10000E-03    7     2897     4    -5     T
    196 0.90080E+02 0.10000E-03   16     2933     4    -5     T
    197 0.90080E+02 0.10000E-03   20     2973     4    -5     F
    198 0.90080E+02 0.10000E-03   20     3013     4    -5     F
    199 0.90080E+02 0.10000E-03    5     3018     4    -5     T
    200 0.90080E+02 0.10000E-03   10     3028     4    -5     T
    201 0.90080E+02 0.10000E-03    5     3053     4    -5     T
    202 0.90080E+02 0.10000E-03   20     3093     4    -5     F
    203 0.90080E+02 0.10000E-03   20     3133     4    -5     F
    204 0.90080E+02 0.10000E-03   12     3145     4    -5     T
    205 0.90080E+02 0.10000E-03   13     3178     4    -5     T
    206 0.90081E+02 0.10000E-03   20     3218     4    -5     F
    207 0.90081E+02 0.10000E-03   20     3258     4    -5     F
    208 0.90081E+02 0.10000E-03   20     3298     4    -5     F
    209 0.90081E+02 0.10000E-03    5     3323     4    -5     T
    210 0.90081E+02 0.10000E-03    3     3346     4    -5     T
    211 0.90081E+02 0.13001E-03    5     3351     4    -5     T
    212 0.90081E+02 0.10000E-03   20     3391     4    -5     F
    213 0.90081E+02 0.99998E-04   20     3411     4    -5     F
    214 0.90081E+02 0.99998E-04   20     3431     4    -5     F
    215 0.90082E+02 0.99998E-04   20     3451     4    -5     F
    216 0.90082E+02 0.99998E-04   20     3471     4    -5     F
    217 0.90082E+02 0.99998E-04    9     3480     4    -5     T
    218 0.90082E+02 0.99998E-04   20     3500     4    -5     F
    219 0.90082E+02 0.99998E-04   20     3520     4    -5     F
    220 0.90082E+02 0.99998E-04   20     3540     4    -5     F
    221 0.90082E+02 0.99998E-04    4     3544     4    -5     T
    222 0.90082E+02 0.99998E-04   20     3564     4    -5     F
    223 0.90082E+02 0.99998E-04    2     3566     4    -5     T
    224 0.90082E+02 0.10000E-03    6     3592     4    -5     T
    225 0.90083E+02 0.99998E-04    4     3596     4    -5     T
    226 0.90083E+02 0.99998E-04    2     3598     4    -5     T
    227 0.90083E+02 0.10000E-03   20     3638     4    -5     F
    228 0.90083E+02 0.99998E-04   20     3658     4    -5     F
    229 0.90083E+02 0.99998E-04   20     3678     4    -5     F
    230 0.90083E+02 0.99998E-04    8     3686     4    -5     T
    231 0.90083E+02 0.99998E-04   19     3705     4    -5     T
    232 0.90083E+02 0.99998E-04   20     3725     4    -5     F
    233 0.90083E+02 0.99998E-04   20     3745     4    -5     F
    234 0.90083E+02 0.99998E-04   20     3765     4    -5     F
    235 0.90084E+02 0.99998E-04   20     3785     4    -5     F
    236 0.90084E+02 0.99998E-04   20     3805     4    -5     F
    237 0.90084E+02 0.99998E-04   20     3825     4    -5     F
    238 0.90084E+02 0.99998E-04    6     3831     4    -5     T
    239 0.90084E+02 0.99998E-04   20     3851     4    -5     F
    240 0.90084E+02 0.99998E-04   20     3871     4    -5     F
    241 0.90084E+02 0.99998E-04   20     3891     4    -5     F
    242 0.90084E+02 0.99998E-04   20     3911     4    -5     F
    243 0.90084E+02 0.99998E-04    8     3919     4    -5     T
    244 0.90084E+02 0.99998E-04    3     3922     4    -5     T
    245 0.90085E+02 0.10000E-03    9     3951     4    -5     T
    246 0.90085E+02 0.99998E-04    9     3960     4    -5     T
    247 0.90085E+02 0.99998E-04   20     3980     4    -5     F
    248 0.90085E+02 0.99998E-04   20     4000     4    -5     F
    249 0.90085E+02 0.99998E-04   20     4020     4    -5     F
    250 0.90085E+02 0.99998E-04   20     4040     4    -5     F
    251 0.90085E+02 0.99998E-04   20     4060     4    -5     F
    252 0.90085E+02 0.99999E-04   20     4080     4    -5     F
    253 0.90085E+02 0.99998E-04    3     4083     4    -5     T
    254 0.90085E+02 0.13000E-03    3     4086     4    -5     T
    255 0.90086E+02 0.16899E-03    9     4095     4    -5     T
    256 0.90086E+02 0.99998E-04   20     4115     4    -5     F
    257 0.90086E+02 0.99998E-04   20     4135     4    -5     F
    258 0.90086E+02 0.99998E-04   11     4146     4    -5     T
    259 0.90086E+02 0.99998E-04   20     4166     4    -5     F
    260 0.90086E+02 0.99998E-04   20     4186     4    -5     F
    261 0.90086E+02 0.99999E-04   20     4206     4    -5     F
    262 0.90086E+02 0.99998E-04   20     4226     4    -5     F
    263 0.90086E+02 0.99998E-04   20     4246     4    -5     F
    264 0.90087E+02 0.99998E-04   20     4266     4    -5     F
    265 0.90087E+02 0.99998E-04   20     4286     4    -5     F
    266 0.90087E+02 0.99998E-04   20     4306     4    -5     F
    267 0.90087E+02 0.99998E-04   20     4326     4    -5     F
    268 0.90087E+02 0.99998E-04   20     4346     4    -5     F
    269 0.90087E+02 0.99998E-04   20     4366     4    -5     F
    270 0.90087E+02 0.99999E-04   20     4386     4    -5     F
    271 0.90087E+02 0.99999E-04   20     4406     4    -5     F
    272 0.90087E+02 0.99998E-04   20     4426     4    -5     F
    273 0.90087E+02 0.99998E-04   20     4446     4    -5     F
    274 0.90088E+02 0.99998E-04   20     4466     4    -5     F
    275 0.90088E+02 0.99998E-04   20     4486     4    -5     F
    276 0.90088E+02 0.99998E-04   20     4506     4    -5     F
    277 0.90088E+02 0.99998E-04   20     4526     4    -5     F
    278 0.90088E+02 0.99998E-04   20     4546     4    -5     F
    279 0.90088E+02 0.99999E-04   20     4566     4    -5     F
    280 0.90088E+02 0.99999E-04   20     4586     4    -5     F
    281 0.90088E+02 0.99998E-04   20     4606     4    -5     F
    282 0.90088E+02 0.99998E-04   20     4626     4    -5     F
    283 0.90088E+02 0.99998E-04   20     4646     4    -5     F
    284 0.90089E+02 0.99998E-04   20     4666     4    -5     F
    285 0.90089E+02 0.99998E-04   20     4686     4    -5     F
    286 0.90089E+02 0.99998E-04   20     4706     4    -5     F
    287 0.90089E+02 0.99998E-04   20     4726     4    -5     F
    288 0.90089E+02 0.99998E-04   20     4746     4    -5     F
    289 0.90089E+02 0.99999E-04   20     4766     4    -5     F
    290 0.90089E+02 0.99998E-04   20     4786     4    -5     F
    291 0.90089E+02 0.99998E-04   20     4806     4    -5     F
    292 0.90089E+02 0.99998E-04   20     4826     4    -5     F
    293 0.90089E+02 0.99998E-04   20     4846     4    -5     F
    294 0.90090E+02 0.99998E-04   20     4866     4    -5     F
    295 0.90090E+02 0.99998E-04   20     4886     4    -5     F
    296 0.90090E+02 0.99998E-04   20     4906     4    -5     F
    297 0.90090E+02 0.99998E-04   20     4926     4    -5     F
    298 0.90090E+02 0.99999E-04   20     4946     4    -5     F
    299 0.90090E+02 0.99999E-04   20     4966     4    -5     F
    300 0.90090E+02 0.99998E-04   20     4986     4    -5     F
    301 0.90090E+02 0.99998E-04   20     5006     4    -5     F
    302 0.90090E+02 0.99998E-04   20     5026     4    -5     F
    303 0.90090E+02 0.99998E-04   20     5046     4    -5     F
    304 0.90091E+02 0.99998E-04   20     5066     4    -5     F
    305 0.90091E+02 0.99998E-04   20     5086     4    -5     F
    306 0.90091E+02 0.99998E-04   20     5106     4    -5     F
    307 0.90091E+02 0.99999E-04   20     5126     4    -5     F
    308 0.90091E+02 0.99999E-04   20     5146     4    -5     F
    309 0.90091E+02 0.99998E-04   20     5166     4    -5     F
    310 0.90091E+02 0.99998E-04   20     5186     4    -5     F
    311 0.90091E+02 0.99998E-04   20     5206     4    -5     F
    312 0.90091E+02 0.99998E-04   20     5226     4    -5     F
    313 0.90091E+02 0.99998E-04   20     5246     4    -5     F
    314 0.90092E+02 0.99998E-04   20     5266     4    -5     F
    315 0.90092E+02 0.99998E-04   20     5286     4    -5     F
    316 0.90092E+02 0.99998E-04   20     5306     4    -5     F
    317 0.90092E+02 0.99999E-04   20     5326     4    -5     F
    318 0.90092E+02 0.99998E-04   20     5346     4    -5     F
    319 0.90092E+02 0.99998E-04   20     5366     4    -5     F
    320 0.90092E+02 0.99998E-04   20     5386     4    -5     F
    321 0.90092E+02 0.99998E-04   20     5406     4    -5     F
    322 0.90092E+02 0.99998E-04   20     5426     4    -5     F
    323 0.90092E+02 0.99998E-04   20     5446     4    -5     F
    324 0.90093E+02 0.99998E-04   20     5466     4    -5     F
    325 0.90093E+02 0.99998E-04   20     5486     4    -5     F
    326 0.90093E+02 0.99999E-04   20     5506     4    -5     F
    327 0.90093E+02 0.99999E-04   20     5526     4    -5     F
    328 0.90093E+02 0.99998E-04   20     5546     4    -5     F
    329 0.90093E+02 0.99998E-04   20     5566     4    -5     F
    330 0.90093E+02 0.99998E-04   20     5586     4    -5     F
    331 0.90093E+02 0.99998E-04   20     5606     4    -5     F
    332 0.90093E+02 0.99998E-04   20     5626     4    -5     F
    333 0.90093E+02 0.99998E-04   20     5646     4    -5     F
    334 0.90094E+02 0.99998E-04   20     5666     4    -5     F
    335 0.90094E+02 0.99999E-04   20     5686     4    -5     F
    336 0.90094E+02 0.99999E-04   20     5706     4    -5     F
    337 0.90094E+02 0.99998E-04   20     5726     4    -5     F
    338 0.90094E+02 0.99998E-04   20     5746     4    -5     F
    339 0.90094E+02 0.99998E-04   20     5766     4    -5     F
    340 0.90094E+02 0.99998E-04   20     5786     4    -5     F
    341 0.90094E+02 0.99998E-04   20     5806     4    -5     F
    342 0.90094E+02 0.99998E-04   20     5826     4    -5     F
    343 0.90094E+02 0.99998E-04   20     5846     4    -5     F
    344 0.90095E+02 0.99998E-04   20     5866     4    -5     F
    345 0.90095E+02 0.99999E-04   20     5886     4    -5     F
    346 0.90095E+02 0.99998E-04   20     5906     4    -5     F
    347 0.90095E+02 0.99998E-04   20     5926     4    -5     F
    348 0.90095E+02 0.99998E-04   20     5946     4    -5     F
    349 0.90095E+02 0.99998E-04    2     5948     4    -5     T
    350 0.90095E+02 0.13001E-03    4     5952     4    -5     T
    351 0.90095E+02 0.13001E-03    2     5954     4    -5     T
    352 0.90095E+02 0.16901E-03    2     5956     4    -5     T
    353 0.90096E+02 0.21971E-03    2     5958     4    -5     T
    354 0.90096E+02 0.28564E-03    2     5960     4    -5     T
    355 0.90096E+02 0.37127E-03    2     5962     4    -5     T
    356 0.90097E+02 0.48273E-03    2     5964     4    -5     T
    357 0.90097E+02 0.62766E-03    2     5966     4    -5     T
    358 0.90098E+02 0.81606E-03    2     5968     4    -5     T
    359 0.90099E+02 0.10609E-02    2     5970     4    -5     T
    360 0.90101E+02 0.13793E-02    2     5972     4    -5     T
    361 0.90102E+02 0.17915E-02    2     5974     4    -5     T
    362 0.90105E+02 0.23312E-02    2     5976     4    -5     T
    363 0.90108E+02 0.30243E-02    2     5978     4    -5     T
    364 0.90112E+02 0.39302E-02    2     5980     4    -5     T
    365 0.90117E+02 0.51048E-02    3     5983     4    -5     T
    366 0.90124E+02 0.66401E-02    3     5986     4    -5     T
    367 0.90132E+02 0.86781E-02    3     5989     4    -5     T
    368 0.90143E+02 0.11270E-01    3     5992     4    -5     T
    369 0.90158E+02 0.14518E-01    3     5995     4    -5     T
    370 0.90177E+02 0.19137E-01    5     6000     4    -5     T
    371 0.90196E+02 0.19137E-01    9     6009     4    -5     T
    372 0.90202E+02 0.57003E-02    2     6011     4    -5     T
    373 0.90209E+02 0.73894E-02    2     6013     4    -5     T
    374 0.90219E+02 0.96422E-02    2     6015     4    -5     T
    375 0.90232E+02 0.12597E-01    2     6017     4    -5     T
    376 0.90248E+02 0.16349E-01    3     6020     4    -5     T
    377 0.90269E+02 0.20891E-01    4     6024     4    -5     T
    378 0.90290E+02 0.20891E-01    7     6031     4    -5     T
    379 0.90296E+02 0.63419E-02    2     6033     4    -5     T
    380 0.90304E+02 0.82818E-02    2     6035     4    -5     T
    381 0.90315E+02 0.10703E-01    2     6037     4    -5     T
    382 0.90329E+02 0.13979E-01    2     6039     4    -5     T
    383 0.90347E+02 0.18135E-01    2     6041     4    -5     T
    384 0.90370E+02 0.23316E-01    2     6043     4    -5     T
    385 0.90380E+02 0.99926E-02    2     6065     4    -5     T
    386 0.90393E+02 0.12907E-01    2     6067     4    -5     T
    387 0.90410E+02 0.16851E-01    2     6069     4    -5     T
    388 0.90432E+02 0.21844E-01    2     6071     4    -5     T
    389 0.90442E+02 0.94657E-02    2     6093     4    -5     T
    390 0.90454E+02 0.12410E-01    2     6095     4    -5     T
    391 0.90470E+02 0.16061E-01    2     6097     4    -5     T
    392 0.90491E+02 0.21200E-01    8     6105     4    -5     T
    393 0.90497E+02 0.62049E-02    2     6107     4    -5     T
    394 0.90506E+02 0.81064E-02    2     6109     4    -5     T
    395 0.90516E+02 0.10521E-01    2     6111     4    -5     T
    396 0.90530E+02 0.13828E-01    2     6113     4    -5     T
    397 0.90548E+02 0.18083E-01    2     6115     4    -5     T
    398 0.90571E+02 0.22603E-01    2     6117     4    -5     T
    399 0.90581E+02 0.10225E-01    2     6139     4    -5     T
    400 0.90594E+02 0.13101E-01    2     6141     4    -5     T
    401 0.90611E+02 0.16922E-01    3     6144     4    -5     T
    402 0.90634E+02 0.22894E-01    7     6151     4    -5     T
    403 0.90640E+02 0.67837E-02    2     6153     4    -5     T
    404 0.90649E+02 0.87690E-02    2     6155     4    -5     T
    405 0.90661E+02 0.11315E-01    2     6157     4    -5     T
    406 0.90675E+02 0.14759E-01    2     6159     4    -5     T
    407 0.90694E+02 0.19100E-01    3     6162     4    -5     T
    408 0.90720E+02 0.25466E-01   16     6178     4    -5     T
    409 0.90727E+02 0.75708E-02    3     6181     4    -5     T
    410 0.90737E+02 0.97340E-02    2     6183     4    -5     T
    411 0.90750E+02 0.12515E-01    2     6185     4    -5     T
    412 0.90766E+02 0.16687E-01    2     6187     4    -5     T
    413 0.90788E+02 0.21238E-01    2     6189     4    -5     T
    414 0.90814E+02 0.26547E-01    7     6196     4    -5     T
    415 0.90823E+02 0.84468E-02    3     6199     4    -5     T
    416 0.90834E+02 0.11086E-01    2     6201     4    -5     T
    417 0.90848E+02 0.13858E-01    2     6203     4    -5     T
    418 0.90867E+02 0.19054E-01    2     6205     4    -5     T
    419 0.90889E+02 0.22231E-01    4     6209     4    -5     T
    420 0.90911E+02 0.22231E-01    2     6211     4    -5     T
    421 0.90921E+02 0.98801E-02    2     6233     4    -5     T
    422 0.90934E+02 0.13173E-01    2     6235     4    -5     T
    423 0.90951E+02 0.16468E-01    3     6238     4    -5     T
    424 0.90975E+02 0.24700E-01    5     6243     4    -5     T
    425 0.91000E+02 0.24704E-01   13     6256     4    -5     T
